TN:
SF:src/commands/fetchComments.ts
FN:12,getCommentsByFile
FN:16,clearCommentsStorage
FN:20,fetchPRComments
FN:80,(anonymous_12)
FN:128,clearComments
FNF:5
FNH:0
FNDA:0,getCommentsByFile
FNDA:0,clearCommentsStorage
FNDA:0,fetchPRComments
FNDA:0,(anonymous_12)
FNDA:0,clearComments
DA:1,0
DA:3,0
DA:4,0
DA:5,0
DA:6,0
DA:7,0
DA:10,0
DA:12,0
DA:13,0
DA:16,0
DA:17,0
DA:20,0
DA:21,0
DA:22,0
DA:28,0
DA:33,0
DA:34,0
DA:37,0
DA:41,0
DA:44,0
DA:45,0
DA:46,0
DA:47,0
DA:48,0
DA:50,0
DA:51,0
DA:52,0
DA:57,0
DA:58,0
DA:59,0
DA:63,0
DA:66,0
DA:68,0
DA:69,0
DA:70,0
DA:74,0
DA:81,0
DA:83,0
DA:85,0
DA:86,0
DA:87,0
DA:90,0
DA:93,0
DA:96,0
DA:97,0
DA:98,0
DA:100,0
DA:103,0
DA:105,0
DA:108,0
DA:109,0
DA:110,0
DA:114,0
DA:115,0
DA:120,0
DA:123,0
DA:128,0
DA:129,0
DA:130,0
DA:131,0
DA:132,0
DA:137,0
LF:62
LH:0
BRDA:21,0,0,0
BRDA:33,1,0,0
BRDA:44,2,0,0
BRDA:44,2,1,0
BRDA:47,3,0,0
BRDA:47,3,1,0
BRDA:51,4,0,0
BRDA:58,5,0,0
BRDA:68,6,0,0
BRDA:85,7,0,0
BRDA:86,8,0,0
BRDA:86,8,1,0
BRDA:97,9,0,0
BRDA:109,10,0,0
BRDA:114,11,0,0
BRDA:114,11,1,0
BRDA:114,12,0,0
BRDA:114,12,1,0
BRDA:131,13,0,0
BRF:19
BRH:0
end_of_record
TN:
SF:src/decorators/lineHighlight.ts
FN:7,createDecorationType
FN:24,getDecorationType
FN:31,disposeDecorationType
FN:38,updateDecorations
FN:59,(anonymous_13)
FN:83,createHoverMessage
FN:101,clearDecorations
FNF:7
FNH:0
FNDA:0,createDecorationType
FNDA:0,getDecorationType
FNDA:0,disposeDecorationType
FNDA:0,updateDecorations
FNDA:0,(anonymous_13)
FNDA:0,createHoverMessage
FNDA:0,clearDecorations
DA:1,0
DA:3,0
DA:7,0
DA:8,0
DA:10,0
DA:21,0
DA:24,0
DA:25,0
DA:26,0
DA:28,0
DA:31,0
DA:32,0
DA:33,0
DA:34,0
DA:38,0
DA:42,0
DA:43,0
DA:44,0
DA:47,0
DA:48,0
DA:49,0
DA:51,0
DA:52,0
DA:53,0
DA:57,0
DA:59,0
DA:61,0
DA:63,0
DA:65,0
DA:67,0
DA:68,0
DA:71,0
DA:72,0
DA:74,0
DA:80,0
DA:84,0
DA:85,0
DA:88,0
DA:89,0
DA:90,0
DA:91,0
DA:94,0
DA:95,0
DA:96,0
DA:98,0
DA:101,0
DA:102,0
LF:47
LH:0
BRDA:25,0,0,0
BRDA:32,1,0,0
BRDA:43,2,0,0
BRDA:51,3,0,0
BRDA:51,4,0,0
BRDA:51,4,1,0
BRDA:57,5,0,0
BRDA:57,5,1,0
BRDA:67,6,0,0
BRDA:67,7,0,0
BRDA:67,7,1,0
BRDA:89,8,0,0
BRF:12
BRH:0
end_of_record
TN:
SF:src/git/repository.ts
FN:6,parseGitRemoteUrl
FN:29,extractPRNumberFromBranch
FN:50,getGitRemoteUrl
FN:65,getCurrentBranch
FN:80,isGitRepository
FN:93,getRepositoryInfo
FN:133,(anonymous_15)
FN:157,getAllWorkspaceFolders
FN:161,selectWorkspaceFolder
FN:173,(anonymous_18)
FNF:10
FNH:2
FNDA:12,parseGitRemoteUrl
FNDA:20,extractPRNumberFromBranch
FNDA:0,getGitRemoteUrl
FNDA:0,getCurrentBranch
FNDA:0,isGitRepository
FNDA:0,getRepositoryInfo
FNDA:0,(anonymous_15)
FNDA:0,getAllWorkspaceFolders
FNDA:0,selectWorkspaceFolder
FNDA:0,(anonymous_18)
DA:1,1
DA:2,1
DA:4,1
DA:6,1
DA:11,12
DA:16,12
DA:17,16
DA:18,16
DA:19,9
DA:26,3
DA:29,1
DA:32,20
DA:40,20
DA:41,57
DA:42,57
DA:43,15
DA:47,5
DA:50,1
DA:51,0
DA:52,0
DA:57,0
DA:58,0
DA:60,0
DA:61,0
DA:65,1
DA:66,0
DA:67,0
DA:72,0
DA:73,0
DA:75,0
DA:76,0
DA:80,1
DA:81,0
DA:82,0
DA:87,0
DA:89,0
DA:93,1
DA:94,0
DA:95,0
DA:96,0
DA:97,0
DA:100,0
DA:102,0
DA:103,0
DA:104,0
DA:107,0
DA:108,0
DA:109,0
DA:112,0
DA:113,0
DA:114,0
DA:115,0
DA:118,0
DA:119,0
DA:121,0
DA:122,0
DA:123,0
DA:124,0
DA:129,0
DA:130,0
DA:134,0
DA:135,0
DA:137,0
DA:138,0
DA:139,0
DA:141,0
DA:145,0
DA:146,0
DA:150,0
DA:157,1
DA:158,0
DA:161,1
DA:162,0
DA:164,0
DA:165,0
DA:168,0
DA:169,0
DA:173,0
DA:179,0
DA:183,0
LF:80
LH:23
BRDA:18,0,0,9
BRDA:42,1,0,15
BRDA:94,2,0,0
BRDA:94,2,1,0
BRDA:95,3,0,0
BRDA:102,4,0,0
BRDA:108,5,0,0
BRDA:113,6,0,0
BRDA:121,7,0,0
BRDA:123,8,0,0
BRDA:129,9,0,0
BRDA:134,10,0,0
BRDA:138,11,0,0
BRDA:138,12,0,0
BRDA:138,12,1,0
BRDA:145,13,0,0
BRDA:158,14,0,0
BRDA:158,14,1,0
BRDA:164,15,0,0
BRDA:168,16,0,0
BRF:20
BRH:2
end_of_record
TN:
SF:src/github/client.ts
FN:21,isGitHubError
FN:25,sleep
FN:26,(anonymous_2)
FN:29,calculateRetryDelay
FN:40,createOctokitClient
FN:56,validateGitHubToken
FN:83,fetchPRCommentsWithRetry
FN:135,(anonymous_7)
FN:136,(anonymous_8)
FN:214,checkRateLimit
FNF:10
FNH:1
FNDA:0,isGitHubError
FNDA:0,sleep
FNDA:0,(anonymous_2)
FNDA:0,calculateRetryDelay
FNDA:2,createOctokitClient
FNDA:0,validateGitHubToken
FNDA:0,fetchPRCommentsWithRetry
FNDA:0,(anonymous_7)
FNDA:0,(anonymous_8)
FNDA:0,checkRateLimit
DA:1,1
DA:3,1
DA:4,1
DA:6,1
DA:7,1
DA:22,0
DA:26,0
DA:30,0
DA:31,0
DA:32,0
DA:33,0
DA:37,0
DA:40,1
DA:41,2
DA:42,2
DA:43,2
DA:45,2
DA:49,2
DA:50,0
DA:53,2
DA:56,1
DA:58,0
DA:59,0
DA:60,0
DA:64,0
DA:65,0
DA:66,0
DA:67,0
DA:68,0
DA:70,0
DA:71,0
DA:72,0
DA:74,0
DA:75,0
DA:78,0
DA:79,0
DA:83,1
DA:89,0
DA:90,0
DA:92,0
DA:93,0
DA:100,0
DA:101,0
DA:102,0
DA:109,0
DA:110,0
DA:112,0
DA:113,0
DA:114,0
DA:116,0
DA:123,0
DA:126,0
DA:130,0
DA:131,0
DA:134,0
DA:135,0
DA:136,0
DA:147,0
DA:149,0
DA:156,0
DA:158,0
DA:159,0
DA:160,0
DA:163,0
DA:164,0
DA:172,0
DA:173,0
DA:181,0
DA:182,0
DA:183,0
DA:184,0
DA:185,0
DA:189,0
DA:190,0
DA:191,0
DA:192,0
DA:193,0
DA:198,0
DA:199,0
DA:200,0
DA:201,0
DA:206,0
DA:207,0
DA:214,1
DA:219,0
DA:220,0
DA:221,0
DA:223,0
DA:229,0
DA:230,0
LF:90
LH:15
BRDA:22,0,0,0
BRDA:22,0,1,0
BRDA:30,1,0,0
BRDA:32,2,0,0
BRDA:42,3,0,2
BRDA:42,3,1,1
BRDA:49,4,0,0
BRDA:59,5,0,0
BRDA:60,6,0,0
BRDA:60,6,1,0
BRDA:70,7,0,0
BRDA:71,8,0,0
BRDA:74,9,0,0
BRDA:90,10,0,0
BRDA:90,10,1,0
BRDA:92,11,0,0
BRDA:101,12,0,0
BRDA:123,13,0,0
BRDA:123,13,1,0
BRDA:126,14,0,0
BRDA:126,14,1,0
BRDA:130,15,0,0
BRDA:130,16,0,0
BRDA:130,16,1,0
BRDA:135,17,0,0
BRDA:135,17,1,0
BRDA:135,17,2,0
BRDA:139,18,0,0
BRDA:139,18,1,0
BRDA:140,19,0,0
BRDA:140,19,1,0
BRDA:156,20,0,0
BRDA:156,20,1,0
BRDA:158,21,0,0
BRDA:163,22,0,0
BRDA:172,23,0,0
BRDA:181,24,0,0
BRDA:181,25,0,0
BRDA:181,25,1,0
BRDA:189,26,0,0
BRDA:189,27,0,0
BRDA:189,27,1,0
BRDA:198,28,0,0
BRDA:210,29,0,0
BRDA:210,29,1,0
BRF:45
BRH:2
end_of_record
TN:
SF:src/utils/config.ts
FN:23,getConfig
FN:37,getGitHubApiBaseUrl
FN:47,hasValidToken
FN:52,validateToken
FN:65,(anonymous_13)
FNF:5
FNH:4
FNDA:4,getConfig
FNDA:2,getGitHubApiBaseUrl
FNDA:0,hasValidToken
FNDA:13,validateToken
FNDA:45,(anonymous_13)
DA:1,2
DA:13,2
DA:23,2
DA:24,4
DA:26,4
DA:37,2
DA:38,2
DA:39,2
DA:41,0
DA:42,0
DA:44,2
DA:47,2
DA:48,0
DA:49,0
DA:52,2
DA:53,13
DA:54,3
DA:64,10
DA:65,45
DA:67,10
DA:69,4
DA:70,2
DA:74,8
LF:23
LH:19
BRDA:27,0,0,4
BRDA:27,0,1,0
BRDA:28,1,0,4
BRDA:28,1,1,0
BRDA:29,2,0,4
BRDA:29,2,1,0
BRDA:30,3,0,4
BRDA:30,3,1,0
BRDA:31,4,0,4
BRDA:31,4,1,0
BRDA:32,5,0,4
BRDA:32,5,1,0
BRDA:33,6,0,4
BRDA:33,6,1,4
BRDA:39,7,0,0
BRDA:49,8,0,0
BRDA:49,8,1,0
BRDA:53,9,0,3
BRDA:53,10,0,13
BRDA:53,10,1,11
BRDA:67,11,0,4
BRDA:69,12,0,2
BRF:22
BRH:13
end_of_record
TN:
SF:src/utils/logger.ts
FN:5,getLogger
FN:12,log
FN:28,logInfo
FN:32,logWarn
FN:36,logError
FN:40,showAndLog
FN:55,disposeLogger
FNF:7
FNH:0
FNDA:0,getLogger
FNDA:0,log
FNDA:0,logInfo
FNDA:0,logWarn
FNDA:0,logError
FNDA:0,showAndLog
FNDA:0,disposeLogger
DA:1,2
DA:5,2
DA:6,0
DA:7,0
DA:9,0
DA:12,2
DA:13,0
DA:14,0
DA:15,0
DA:17,0
DA:19,0
DA:20,0
DA:21,0
DA:22,0
DA:24,0
DA:28,2
DA:29,0
DA:32,2
DA:33,0
DA:36,2
DA:37,0
DA:40,2
DA:41,0
DA:43,0
DA:45,0
DA:46,0
DA:48,0
DA:49,0
DA:51,0
DA:55,2
DA:56,0
DA:57,0
DA:58,0
LF:33
LH:8
BRDA:6,0,0,0
BRDA:12,1,0,0
BRDA:19,2,0,0
BRDA:19,2,1,0
BRDA:21,3,0,0
BRDA:21,3,1,0
BRDA:40,4,0,0
BRDA:43,5,0,0
BRDA:43,5,1,0
BRDA:43,5,2,0
BRDA:56,6,0,0
BRF:11
BRH:0
end_of_record
